<?xml version="1.0" encoding="UTF-8"?>
<testng-results skipped="0" failed="0" ignored="0" total="1" passed="1">
  <reporter-output>
  </reporter-output>
  <suite name="Default suite" duration-ms="1097" started-at="2020-08-21T16:34:10 IST" finished-at="2020-08-21T16:34:11 IST">
    <groups>
    </groups>
    <test name="Default test" duration-ms="1097" started-at="2020-08-21T16:34:10 IST" finished-at="2020-08-21T16:34:11 IST">
      <class name="TestAPI.sumofvalidation">
        <test-method status="PASS" signature="sumvalidation()[pri:0, instance:TestAPI.sumofvalidation@587d1d39]" name="sumvalidation" duration-ms="1059" started-at="2020-08-21T16:34:10 IST" finished-at="2020-08-21T16:34:11 IST">
          <reporter-output>
          </reporter-output>
        </test-method> <!-- sumvalidation -->
      </class> <!-- TestAPI.sumofvalidation -->
    </test> <!-- Default test -->
  </suite> <!-- Default suite -->
</testng-results>
